# JRE version: Java(TM) SE Runtime Environment (8.0_74-b02) (build 1.8.0_74-b02)
# Java VM: Java HotSpot(TM) 64-Bit Server VM (25.74-b02 mixed mode windows-amd64 compressed oops)
Heap:
 PSYoungGen      total 145408K, used 103251K [0x00000000f5580000, 0x00000000ffe80000, 0x0000000100000000)
  eden space 134144K, 68% used [0x00000000f5580000,0x00000000faf8cbc0,0x00000000fd880000)
  from space 11264K, 98% used [0x00000000fd880000,0x00000000fe3482d8,0x00000000fe380000)
  to   space 19456K, 0% used [0x00000000feb80000,0x00000000feb80000,0x00000000ffe80000)
 ParOldGen       total 175104K, used 107894K [0x00000000e0000000, 0x00000000eab00000, 0x00000000f5580000)
  object space 175104K, 61% used [0x00000000e0000000,0x00000000e695da50,0x00000000eab00000)
 Metaspace       used 59918K, capacity 62468K, committed 62592K, reserved 1103872K
  class space    used 7985K, capacity 8523K, committed 8576K, reserved 1048576K
GC Heap History (10 events):
Event: 3724.909 GC heap before
{Heap before GC invocations=32 (full 3):
 PSYoungGen      total 152576K, used 140608K [0x00000000f5580000, 0x00000000ffe00000, 0x0000000100000000)
  eden space 133632K, 100% used [0x00000000f5580000,0x00000000fd800000,0x00000000fd800000)
  from space 18944K, 36% used [0x00000000feb80000,0x00000000ff250000,0x00000000ffe00000)
  to   space 19456K, 0% used [0x00000000fd800000,0x00000000fd800000,0x00000000feb00000)
 ParOldGen       total 175104K, used 76372K [0x00000000e0000000, 0x00000000eab00000, 0x00000000f5580000)
  object space 175104K, 43% used [0x00000000e0000000,0x00000000e4a952c0,0x00000000eab00000)
 Metaspace       used 59346K, capacity 61664K, committed 61824K, reserved 1101824K
  class space    used 7940K, capacity 8449K, committed 8576K, reserved 1048576K
Event: 3724.975 GC heap after
Heap after GC invocations=32 (full 3):
 PSYoungGen      total 153088K, used 10240K [0x00000000f5580000, 0x00000000fff80000, 0x0000000100000000)
  eden space 133632K, 0% used [0x00000000f5580000,0x00000000f5580000,0x00000000fd800000)
  from space 19456K, 52% used [0x00000000fd800000,0x00000000fe200020,0x00000000feb00000)
  to   space 18944K, 0% used [0x00000000fed00000,0x00000000fed00000,0x00000000fff80000)
 ParOldGen       total 175104K, used 82700K [0x00000000e0000000, 0x00000000eab00000, 0x00000000f5580000)
  object space 175104K, 47% used [0x00000000e0000000,0x00000000e50c33a0,0x00000000eab00000)
 Metaspace       used 59346K, capacity 61664K, committed 61824K, reserved 1101824K
  class space    used 7940K, capacity 8449K, committed 8576K, reserved 1048576K
}
Event: 3726.271 GC heap before
{Heap before GC invocations=33 (full 3):
 PSYoungGen      total 153088K, used 143863K [0x00000000f5580000, 0x00000000fff80000, 0x0000000100000000)
  eden space 133632K, 99% used [0x00000000f5580000,0x00000000fd7fdfb8,0x00000000fd800000)
  from space 19456K, 52% used [0x00000000fd800000,0x00000000fe200020,0x00000000feb00000)
  to   space 18944K, 0% used [0x00000000fed00000,0x00000000fed00000,0x00000000fff80000)
 ParOldGen       total 175104K, used 82700K [0x00000000e0000000, 0x00000000eab00000, 0x00000000f5580000)
  object space 175104K, 47% used [0x00000000e0000000,0x00000000e50c33a0,0x00000000eab00000)
 Metaspace       used 59377K, capacity 61734K, committed 62080K, reserved 1103872K
  class space    used 7941K, capacity 8450K, committed 8576K, reserved 1048576K
Event: 3726.335 GC heap after
Heap after GC invocations=33 (full 3):
 PSYoungGen      total 154112K, used 6177K [0x00000000f5580000, 0x00000000ffe80000, 0x0000000100000000)
  eden space 136192K, 0% used [0x00000000f5580000,0x00000000f5580000,0x00000000fda80000)
  from space 17920K, 34% used [0x00000000fed00000,0x00000000ff308480,0x00000000ffe80000)
  to   space 18432K, 0% used [0x00000000fda80000,0x00000000fda80000,0x00000000fec80000)
 ParOldGen       total 175104K, used 92087K [0x00000000e0000000, 0x00000000eab00000, 0x00000000f5580000)
  object space 175104K, 52% used [0x00000000e0000000,0x00000000e59edf80,0x00000000eab00000)
 Metaspace       used 59377K, capacity 61734K, committed 62080K, reserved 1103872K
  class space    used 7941K, capacity 8450K, committed 8576K, reserved 1048576K
}
Event: 4873.524 GC heap before
{Heap before GC invocations=34 (full 3):
 PSYoungGen      total 154112K, used 142369K [0x00000000f5580000, 0x00000000ffe80000, 0x0000000100000000)
  eden space 136192K, 100% used [0x00000000f5580000,0x00000000fda80000,0x00000000fda80000)
  from space 17920K, 34% used [0x00000000fed00000,0x00000000ff308480,0x00000000ffe80000)
  to   space 18432K, 0% used [0x00000000fda80000,0x00000000fda80000,0x00000000fec80000)
 ParOldGen       total 175104K, used 92087K [0x00000000e0000000, 0x00000000eab00000, 0x00000000f5580000)
  object space 175104K, 52% used [0x00000000e0000000,0x00000000e59edf80,0x00000000eab00000)
 Metaspace       used 59772K, capacity 62334K, committed 62592K, reserved 1103872K
  class space    used 7983K, capacity 8522K, committed 8576K, reserved 1048576K
Event: 4873.619 GC heap after
Heap after GC invocations=34 (full 3):
 PSYoungGen      total 153088K, used 16709K [0x00000000f5580000, 0x0000000100000000, 0x0000000100000000)
  eden space 136192K, 0% used [0x00000000f5580000,0x00000000f5580000,0x00000000fda80000)
  from space 16896K, 98% used [0x00000000fda80000,0x00000000fead17c0,0x00000000feb00000)
  to   space 20480K, 0% used [0x00000000fec00000,0x00000000fec00000,0x0000000100000000)
 ParOldGen       total 175104K, used 97009K [0x00000000e0000000, 0x00000000eab00000, 0x00000000f5580000)
  object space 175104K, 55% used [0x00000000e0000000,0x00000000e5ebc498,0x00000000eab00000)
 Metaspace       used 59772K, capacity 62334K, committed 62592K, reserved 1103872K
  class space    used 7983K, capacity 8522K, committed 8576K, reserved 1048576K
}
Event: 4874.801 GC heap before
{Heap before GC invocations=35 (full 3):
 PSYoungGen      total 153088K, used 152901K [0x00000000f5580000, 0x0000000100000000, 0x0000000100000000)
  eden space 136192K, 100% used [0x00000000f5580000,0x00000000fda80000,0x00000000fda80000)
  from space 16896K, 98% used [0x00000000fda80000,0x00000000fead17c0,0x00000000feb00000)
  to   space 20480K, 0% used [0x00000000fec00000,0x00000000fec00000,0x0000000100000000)
 ParOldGen       total 175104K, used 97009K [0x00000000e0000000, 0x00000000eab00000, 0x00000000f5580000)
  object space 175104K, 55% used [0x00000000e0000000,0x00000000e5ebc498,0x00000000eab00000)
 Metaspace       used 59784K, capacity 62398K, committed 62592K, reserved 1103872K
  class space    used 7983K, capacity 8522K, committed 8576K, reserved 1048576K
Event: 4874.839 GC heap after
Heap after GC invocations=35 (full 3):
 PSYoungGen      total 154624K, used 5376K [0x00000000f5580000, 0x0000000100000000, 0x0000000100000000)
  eden space 134144K, 0% used [0x00000000f5580000,0x00000000f5580000,0x00000000fd880000)
  from space 20480K, 26% used [0x00000000fec00000,0x00000000ff140010,0x0000000100000000)
  to   space 19968K, 0% used [0x00000000fd880000,0x00000000fd880000,0x00000000fec00000)
 ParOldGen       total 175104K, used 103190K [0x00000000e0000000, 0x00000000eab00000, 0x00000000f5580000)
  object space 175104K, 58% used [0x00000000e0000000,0x00000000e64c5af0,0x00000000eab00000)
 Metaspace       used 59784K, capacity 62398K, committed 62592K, reserved 1103872K
  class space    used 7983K, capacity 8522K, committed 8576K, reserved 1048576K
}
Event: 10193.956 GC heap before
{Heap before GC invocations=36 (full 3):
 PSYoungGen      total 154624K, used 139520K [0x00000000f5580000, 0x0000000100000000, 0x0000000100000000)
  eden space 134144K, 100% used [0x00000000f5580000,0x00000000fd880000,0x00000000fd880000)
  from space 20480K, 26% used [0x00000000fec00000,0x00000000ff140010,0x0000000100000000)
  to   space 19968K, 0% used [0x00000000fd880000,0x00000000fd880000,0x00000000fec00000)
 ParOldGen       total 175104K, used 103190K [0x00000000e0000000, 0x00000000eab00000, 0x00000000f5580000)
  object space 175104K, 58% used [0x00000000e0000000,0x00000000e64c5af0,0x00000000eab00000)
 Metaspace       used 59912K, capacity 62462K, committed 62592K, reserved 1103872K
  class space    used 7983K, capacity 8522K, committed 8576K, reserved 1048576K
Event: 10194.313 GC heap after
Heap after GC invocations=36 (full 3):
 PSYoungGen      total 145408K, used 11040K [0x00000000f5580000, 0x00000000ffe80000, 0x0000000100000000)
  eden space 134144K, 0% used [0x00000000f5580000,0x00000000f5580000,0x00000000fd880000)
  from space 11264K, 98% used [0x00000000fd880000,0x00000000fe3482d8,0x00000000fe380000)
  to   space 19456K, 0% used [0x00000000feb80000,0x00000000feb80000,0x00000000ffe80000)
 ParOldGen       total 175104K, used 107894K [0x00000000e0000000, 0x00000000eab00000, 0x00000000f5580000)
  object space 175104K, 61% used [0x00000000e0000000,0x00000000e695da50,0x00000000eab00000)
 Metaspace       used 59912K, capacity 62462K, committed 62592K, reserved 1103872K
  class space    used 7983K, capacity 8522K, committed 8576K, reserved 1048576K
}

